# JRE version: OpenJDK Runtime Environment Temurin-17.0.9+9 (17.0.9+9) (build 17.0.9+9)
# Java VM: OpenJDK 64-Bit Server VM Temurin-17.0.9+9 (17.0.9+9, mixed mode, tiered, compressed oops, compressed class ptrs, parallel gc, windows-amd64)
GC Precious Log:
 CPUs: 4 total, 4 available
 Memory: 7075M
 Large Page Support: Disabled
 NUMA Support: Disabled
 Compressed Oops: Enabled (32-bit)
 Alignments: Space 512K, Generation 512K, Heap 2M
 Heap Min Capacity: 100M
 Heap Initial Capacity: 100M
 Heap Max Capacity: 1G
 Pre-touch: Disabled
 Parallel Workers: 4
Heap:
 PSYoungGen      total 9216K, used 2530K [0x00000000eab00000, 0x00000000ebf80000, 0x0000000100000000)
  eden space 6656K, 0% used [0x00000000eab00000,0x00000000eab00000,0x00000000eb180000)
  from space 2560K, 98% used [0x00000000eb180000,0x00000000eb3f89c8,0x00000000eb400000)
  to   space 6656K, 0% used [0x00000000eb900000,0x00000000eb900000,0x00000000ebf80000)
 ParOldGen       total 347136K, used 344511K [0x00000000c0000000, 0x00000000d5300000, 0x00000000eab00000)
  object space 347136K, 99% used [0x00000000c0000000,0x00000000d506fe00,0x00000000d5300000)
 Metaspace       used 76808K, committed 78016K, reserved 1179648K
  class space    used 8094K, committed 8640K, reserved 1048576K
GC Heap History (20 events):
Event: 345.595 GC heap after
{Heap after GC invocations=190 (full 13):
 PSYoungGen      total 6144K, used 3249K [0x00000000eab00000, 0x00000000eb480000, 0x0000000100000000)
  eden space 2560K, 0% used [0x00000000eab00000,0x00000000eab00000,0x00000000ead80000)
  from space 3584K, 90% used [0x00000000eb100000,0x00000000eb42c5b8,0x00000000eb480000)
  to   space 3584K, 0% used [0x00000000ead80000,0x00000000ead80000,0x00000000eb100000)
 ParOldGen       total 347136K, used 328613K [0x00000000c0000000, 0x00000000d5300000, 0x00000000eab00000)
  object space 347136K, 94% used [0x00000000c0000000,0x00000000d40e96f8,0x00000000d5300000)
 Metaspace       used 76796K, committed 78016K, reserved 1179648K
  class space    used 8094K, committed 8640K, reserved 1048576K
}
Event: 345.677 GC heap before
{Heap before GC invocations=191 (full 13):
 PSYoungGen      total 6144K, used 5809K [0x00000000eab00000, 0x00000000eb480000, 0x0000000100000000)
  eden space 2560K, 100% used [0x00000000eab00000,0x00000000ead80000,0x00000000ead80000)
  from space 3584K, 90% used [0x00000000eb100000,0x00000000eb42c5b8,0x00000000eb480000)
  to   space 3584K, 0% used [0x00000000ead80000,0x00000000ead80000,0x00000000eb100000)
 ParOldGen       total 347136K, used 328613K [0x00000000c0000000, 0x00000000d5300000, 0x00000000eab00000)
  object space 347136K, 94% used [0x00000000c0000000,0x00000000d40e96f8,0x00000000d5300000)
 Metaspace       used 76796K, committed 78016K, reserved 1179648K
  class space    used 8094K, committed 8640K, reserved 1048576K
}
Event: 345.683 GC heap after
{Heap after GC invocations=191 (full 13):
 PSYoungGen      total 6144K, used 3570K [0x00000000eab00000, 0x00000000eb800000, 0x0000000100000000)
  eden space 2560K, 0% used [0x00000000eab00000,0x00000000eab00000,0x00000000ead80000)
  from space 3584K, 99% used [0x00000000ead80000,0x00000000eb0fc978,0x00000000eb100000)
  to   space 5120K, 0% used [0x00000000eb300000,0x00000000eb300000,0x00000000eb800000)
 ParOldGen       total 347136K, used 329746K [0x00000000c0000000, 0x00000000d5300000, 0x00000000eab00000)
  object space 347136K, 94% used [0x00000000c0000000,0x00000000d4204ad0,0x00000000d5300000)
 Metaspace       used 76796K, committed 78016K, reserved 1179648K
  class space    used 8094K, committed 8640K, reserved 1048576K
}
Event: 345.720 GC heap before
{Heap before GC invocations=192 (full 13):
 PSYoungGen      total 6144K, used 6130K [0x00000000eab00000, 0x00000000eb800000, 0x0000000100000000)
  eden space 2560K, 100% used [0x00000000eab00000,0x00000000ead80000,0x00000000ead80000)
  from space 3584K, 99% used [0x00000000ead80000,0x00000000eb0fc978,0x00000000eb100000)
  to   space 5120K, 0% used [0x00000000eb300000,0x00000000eb300000,0x00000000eb800000)
 ParOldGen       total 347136K, used 329746K [0x00000000c0000000, 0x00000000d5300000, 0x00000000eab00000)
  object space 347136K, 94% used [0x00000000c0000000,0x00000000d4204ad0,0x00000000d5300000)
 Metaspace       used 76798K, committed 78016K, reserved 1179648K
  class space    used 8094K, committed 8640K, reserved 1048576K
}
Event: 345.726 GC heap after
{Heap after GC invocations=192 (full 13):
 PSYoungGen      total 7680K, used 4110K [0x00000000eab00000, 0x00000000eb780000, 0x0000000100000000)
  eden space 3072K, 0% used [0x00000000eab00000,0x00000000eab00000,0x00000000eae00000)
  from space 4608K, 89% used [0x00000000eb300000,0x00000000eb703ba0,0x00000000eb780000)
  to   space 4608K, 0% used [0x00000000eae80000,0x00000000eae80000,0x00000000eb300000)
 ParOldGen       total 347136K, used 330435K [0x00000000c0000000, 0x00000000d5300000, 0x00000000eab00000)
  object space 347136K, 95% used [0x00000000c0000000,0x00000000d42b0fb0,0x00000000d5300000)
 Metaspace       used 76798K, committed 78016K, reserved 1179648K
  class space    used 8094K, committed 8640K, reserved 1048576K
}
Event: 345.750 GC heap before
{Heap before GC invocations=193 (full 13):
 PSYoungGen      total 7680K, used 7182K [0x00000000eab00000, 0x00000000eb780000, 0x0000000100000000)
  eden space 3072K, 100% used [0x00000000eab00000,0x00000000eae00000,0x00000000eae00000)
  from space 4608K, 89% used [0x00000000eb300000,0x00000000eb703ba0,0x00000000eb780000)
  to   space 4608K, 0% used [0x00000000eae80000,0x00000000eae80000,0x00000000eb300000)
 ParOldGen       total 347136K, used 330435K [0x00000000c0000000, 0x00000000d5300000, 0x00000000eab00000)
  object space 347136K, 95% used [0x00000000c0000000,0x00000000d42b0fb0,0x00000000d5300000)
 Metaspace       used 76798K, committed 78016K, reserved 1179648K
  class space    used 8094K, committed 8640K, reserved 1048576K
}
Event: 345.756 GC heap after
{Heap after GC invocations=193 (full 13):
 PSYoungGen      total 8192K, used 4583K [0x00000000eab00000, 0x00000000eb900000, 0x0000000100000000)
  eden space 3584K, 0% used [0x00000000eab00000,0x00000000eab00000,0x00000000eae80000)
  from space 4608K, 99% used [0x00000000eae80000,0x00000000eb2f9c40,0x00000000eb300000)
  to   space 5120K, 0% used [0x00000000eb400000,0x00000000eb400000,0x00000000eb900000)
 ParOldGen       total 347136K, used 330443K [0x00000000c0000000, 0x00000000d5300000, 0x00000000eab00000)
  object space 347136K, 95% used [0x00000000c0000000,0x00000000d42b2fb0,0x00000000d5300000)
 Metaspace       used 76798K, committed 78016K, reserved 1179648K
  class space    used 8094K, committed 8640K, reserved 1048576K
}
Event: 345.789 GC heap before
{Heap before GC invocations=194 (full 13):
 PSYoungGen      total 8192K, used 8136K [0x00000000eab00000, 0x00000000eb900000, 0x0000000100000000)
  eden space 3584K, 99% used [0x00000000eab00000,0x00000000eae786c0,0x00000000eae80000)
  from space 4608K, 99% used [0x00000000eae80000,0x00000000eb2f9c40,0x00000000eb300000)
  to   space 5120K, 0% used [0x00000000eb400000,0x00000000eb400000,0x00000000eb900000)
 ParOldGen       total 347136K, used 330443K [0x00000000c0000000, 0x00000000d5300000, 0x00000000eab00000)
  object space 347136K, 95% used [0x00000000c0000000,0x00000000d42b2fb0,0x00000000d5300000)
 Metaspace       used 76798K, committed 78016K, reserved 1179648K
  class space    used 8094K, committed 8640K, reserved 1048576K
}
Event: 345.797 GC heap after
{Heap after GC invocations=194 (full 13):
 PSYoungGen      total 9216K, used 4025K [0x00000000eab00000, 0x00000000eb880000, 0x0000000100000000)
  eden space 4608K, 0% used [0x00000000eab00000,0x00000000eab00000,0x00000000eaf80000)
  from space 4608K, 87% used [0x00000000eb400000,0x00000000eb7ee4a0,0x00000000eb880000)
  to   space 4608K, 0% used [0x00000000eaf80000,0x00000000eaf80000,0x00000000eb400000)
 ParOldGen       total 347136K, used 332132K [0x00000000c0000000, 0x00000000d5300000, 0x00000000eab00000)
  object space 347136K, 95% used [0x00000000c0000000,0x00000000d44593f8,0x00000000d5300000)
 Metaspace       used 76798K, committed 78016K, reserved 1179648K
  class space    used 8094K, committed 8640K, reserved 1048576K
}
Event: 345.835 GC heap before
{Heap before GC invocations=195 (full 13):
 PSYoungGen      total 9216K, used 8615K [0x00000000eab00000, 0x00000000eb880000, 0x0000000100000000)
  eden space 4608K, 99% used [0x00000000eab00000,0x00000000eaf7b760,0x00000000eaf80000)
  from space 4608K, 87% used [0x00000000eb400000,0x00000000eb7ee4a0,0x00000000eb880000)
  to   space 4608K, 0% used [0x00000000eaf80000,0x00000000eaf80000,0x00000000eb400000)
 ParOldGen       total 347136K, used 332132K [0x00000000c0000000, 0x00000000d5300000, 0x00000000eab00000)
  object space 347136K, 95% used [0x00000000c0000000,0x00000000d44593f8,0x00000000d5300000)
 Metaspace       used 76801K, committed 78016K, reserved 1179648K
  class space    used 8094K, committed 8640K, reserved 1048576K
}
Event: 345.842 GC heap after
{Heap after GC invocations=195 (full 13):
 PSYoungGen      total 9216K, used 3357K [0x00000000eab00000, 0x00000000eb880000, 0x0000000100000000)
  eden space 4608K, 0% used [0x00000000eab00000,0x00000000eab00000,0x00000000eaf80000)
  from space 4608K, 72% used [0x00000000eaf80000,0x00000000eb2c77a8,0x00000000eb400000)
  to   space 4096K, 0% used [0x00000000eb480000,0x00000000eb480000,0x00000000eb880000)
 ParOldGen       total 347136K, used 334396K [0x00000000c0000000, 0x00000000d5300000, 0x00000000eab00000)
  object space 347136K, 96% used [0x00000000c0000000,0x00000000d468f388,0x00000000d5300000)
 Metaspace       used 76801K, committed 78016K, reserved 1179648K
  class space    used 8094K, committed 8640K, reserved 1048576K
}
Event: 345.895 GC heap before
{Heap before GC invocations=196 (full 13):
 PSYoungGen      total 9216K, used 7965K [0x00000000eab00000, 0x00000000eb880000, 0x0000000100000000)
  eden space 4608K, 100% used [0x00000000eab00000,0x00000000eaf80000,0x00000000eaf80000)
  from space 4608K, 72% used [0x00000000eaf80000,0x00000000eb2c77a8,0x00000000eb400000)
  to   space 4096K, 0% used [0x00000000eb480000,0x00000000eb480000,0x00000000eb880000)
 ParOldGen       total 347136K, used 334396K [0x00000000c0000000, 0x00000000d5300000, 0x00000000eab00000)
  object space 347136K, 96% used [0x00000000c0000000,0x00000000d468f388,0x00000000d5300000)
 Metaspace       used 76802K, committed 78016K, reserved 1179648K
  class space    used 8094K, committed 8640K, reserved 1048576K
}
Event: 345.903 GC heap after
{Heap after GC invocations=196 (full 13):
 PSYoungGen      total 9216K, used 3172K [0x00000000eab00000, 0x00000000eb800000, 0x0000000100000000)
  eden space 5632K, 0% used [0x00000000eab00000,0x00000000eab00000,0x00000000eb080000)
  from space 3584K, 88% used [0x00000000eb480000,0x00000000eb799128,0x00000000eb800000)
  to   space 3584K, 0% used [0x00000000eb100000,0x00000000eb100000,0x00000000eb480000)
 ParOldGen       total 347136K, used 336072K [0x00000000c0000000, 0x00000000d5300000, 0x00000000eab00000)
  object space 347136K, 96% used [0x00000000c0000000,0x00000000d48323a0,0x00000000d5300000)
 Metaspace       used 76802K, committed 78016K, reserved 1179648K
  class space    used 8094K, committed 8640K, reserved 1048576K
}
Event: 345.961 GC heap before
{Heap before GC invocations=197 (full 13):
 PSYoungGen      total 9216K, used 8804K [0x00000000eab00000, 0x00000000eb800000, 0x0000000100000000)
  eden space 5632K, 100% used [0x00000000eab00000,0x00000000eb080000,0x00000000eb080000)
  from space 3584K, 88% used [0x00000000eb480000,0x00000000eb799128,0x00000000eb800000)
  to   space 3584K, 0% used [0x00000000eb100000,0x00000000eb100000,0x00000000eb480000)
 ParOldGen       total 347136K, used 336072K [0x00000000c0000000, 0x00000000d5300000, 0x00000000eab00000)
  object space 347136K, 96% used [0x00000000c0000000,0x00000000d48323a0,0x00000000d5300000)
 Metaspace       used 76804K, committed 78016K, reserved 1179648K
  class space    used 8094K, committed 8640K, reserved 1048576K
}
Event: 345.968 GC heap after
{Heap after GC invocations=197 (full 13):
 PSYoungGen      total 8192K, used 1975K [0x00000000eab00000, 0x00000000eb680000, 0x0000000100000000)
  eden space 6144K, 0% used [0x00000000eab00000,0x00000000eab00000,0x00000000eb100000)
  from space 2048K, 96% used [0x00000000eb100000,0x00000000eb2edf20,0x00000000eb300000)
  to   space 2560K, 0% used [0x00000000eb400000,0x00000000eb400000,0x00000000eb680000)
 ParOldGen       total 347136K, used 339175K [0x00000000c0000000, 0x00000000d5300000, 0x00000000eab00000)
  object space 347136K, 97% used [0x00000000c0000000,0x00000000d4b39d58,0x00000000d5300000)
 Metaspace       used 76804K, committed 78016K, reserved 1179648K
  class space    used 8094K, committed 8640K, reserved 1048576K
}
Event: 346.033 GC heap before
{Heap before GC invocations=198 (full 13):
 PSYoungGen      total 8192K, used 8119K [0x00000000eab00000, 0x00000000eb680000, 0x0000000100000000)
  eden space 6144K, 100% used [0x00000000eab00000,0x00000000eb100000,0x00000000eb100000)
  from space 2048K, 96% used [0x00000000eb100000,0x00000000eb2edf20,0x00000000eb300000)
  to   space 2560K, 0% used [0x00000000eb400000,0x00000000eb400000,0x00000000eb680000)
 ParOldGen       total 347136K, used 339175K [0x00000000c0000000, 0x00000000d5300000, 0x00000000eab00000)
  object space 347136K, 97% used [0x00000000c0000000,0x00000000d4b39d58,0x00000000d5300000)
 Metaspace       used 76804K, committed 78016K, reserved 1179648K
  class space    used 8094K, committed 8640K, reserved 1048576K
}
Event: 346.039 GC heap after
{Heap after GC invocations=198 (full 13):
 PSYoungGen      total 9216K, used 2459K [0x00000000eab00000, 0x00000000eb700000, 0x0000000100000000)
  eden space 6656K, 0% used [0x00000000eab00000,0x00000000eab00000,0x00000000eb180000)
  from space 2560K, 96% used [0x00000000eb400000,0x00000000eb666cb0,0x00000000eb680000)
  to   space 2560K, 0% used [0x00000000eb180000,0x00000000eb180000,0x00000000eb400000)
 ParOldGen       total 347136K, used 341324K [0x00000000c0000000, 0x00000000d5300000, 0x00000000eab00000)
  object space 347136K, 98% used [0x00000000c0000000,0x00000000d4d530c0,0x00000000d5300000)
 Metaspace       used 76804K, committed 78016K, reserved 1179648K
  class space    used 8094K, committed 8640K, reserved 1048576K
}
Event: 346.121 GC heap before
{Heap before GC invocations=199 (full 13):
 PSYoungGen      total 9216K, used 9115K [0x00000000eab00000, 0x00000000eb700000, 0x0000000100000000)
  eden space 6656K, 100% used [0x00000000eab00000,0x00000000eb180000,0x00000000eb180000)
  from space 2560K, 96% used [0x00000000eb400000,0x00000000eb666cb0,0x00000000eb680000)
  to   space 2560K, 0% used [0x00000000eb180000,0x00000000eb180000,0x00000000eb400000)
 ParOldGen       total 347136K, used 341324K [0x00000000c0000000, 0x00000000d5300000, 0x00000000eab00000)
  object space 347136K, 98% used [0x00000000c0000000,0x00000000d4d530c0,0x00000000d5300000)
 Metaspace       used 76808K, committed 78016K, reserved 1179648K
  class space    used 8094K, committed 8640K, reserved 1048576K
}
Event: 346.129 GC heap after
{Heap after GC invocations=199 (full 13):
 PSYoungGen      total 9216K, used 2530K [0x00000000eab00000, 0x00000000ebf80000, 0x0000000100000000)
  eden space 6656K, 0% used [0x00000000eab00000,0x00000000eab00000,0x00000000eb180000)
  from space 2560K, 98% used [0x00000000eb180000,0x00000000eb3f89c8,0x00000000eb400000)
  to   space 6656K, 0% used [0x00000000eb900000,0x00000000eb900000,0x00000000ebf80000)
 ParOldGen       total 347136K, used 344511K [0x00000000c0000000, 0x00000000d5300000, 0x00000000eab00000)
  object space 347136K, 99% used [0x00000000c0000000,0x00000000d506fe00,0x00000000d5300000)
 Metaspace       used 76808K, committed 78016K, reserved 1179648K
  class space    used 8094K, committed 8640K, reserved 1048576K
}
Event: 346.129 GC heap before
{Heap before GC invocations=200 (full 14):
 PSYoungGen      total 9216K, used 2530K [0x00000000eab00000, 0x00000000ebf80000, 0x0000000100000000)
  eden space 6656K, 0% used [0x00000000eab00000,0x00000000eab00000,0x00000000eb180000)
  from space 2560K, 98% used [0x00000000eb180000,0x00000000eb3f89c8,0x00000000eb400000)
  to   space 6656K, 0% used [0x00000000eb900000,0x00000000eb900000,0x00000000ebf80000)
 ParOldGen       total 347136K, used 344511K [0x00000000c0000000, 0x00000000d5300000, 0x00000000eab00000)
  object space 347136K, 99% used [0x00000000c0000000,0x00000000d506fe00,0x00000000d5300000)
 Metaspace       used 76808K, committed 78016K, reserved 1179648K
  class space    used 8094K, committed 8640K, reserved 1048576K
}

